[0.099s] Invoking command in '/home/jacopo/Documents/Repo_Projects/Pronto_Estimator/build/pronto_core': CMAKE_PREFIX_PATH=${CMAKE_PREFIX_PATH}:/opt/ros/humble /usr/bin/cmake /home/jacopo/Documents/Repo_Projects/Pronto_Estimator/pronto_core -DAMENT_CMAKE_SYMLINK_INSTALL=1 -DCMAKE_INSTALL_PREFIX=/home/jacopo/Documents/Repo_Projects/Pronto_Estimator/install/pronto_core
[0.143s] -- The C compiler identification is GNU 11.4.0
[0.178s] -- The CXX compiler identification is GNU 11.4.0
[0.182s] -- Detecting C compiler ABI info
[0.225s] -- Detecting C compiler ABI info - done
[0.232s] -- Check for working C compiler: /usr/bin/cc - skipped
[0.232s] -- Detecting C compile features
[0.233s] -- Detecting C compile features - done
[0.235s] -- Detecting CXX compiler ABI info
[0.283s] -- Detecting CXX compiler ABI info - done
[0.291s] -- Check for working CXX compiler: /usr/bin/c++ - skipped
[0.291s] -- Detecting CXX compile features
[0.291s] -- Detecting CXX compile features - done
[0.293s] -- Found ament_cmake: 1.3.6 (/opt/ros/humble/share/ament_cmake/cmake)
[0.407s] -- Found Python3: /usr/bin/python3.10 (found version "3.10.12") found components: Interpreter 
[0.448s] -- Override CMake install command with custom implementation using symlinks instead of copying resources
[0.483s] -- Found rclcpp: 16.0.7 (/opt/ros/humble/share/rclcpp/cmake)
[0.527s] -- Found rosidl_generator_c: 3.1.5 (/opt/ros/humble/share/rosidl_generator_c/cmake)
[0.532s] -- Found rosidl_adapter: 3.1.5 (/opt/ros/humble/share/rosidl_adapter/cmake)
[0.540s] -- Found rosidl_generator_cpp: 3.1.5 (/opt/ros/humble/share/rosidl_generator_cpp/cmake)
[0.554s] -- Using all available rosidl_typesupport_c: rosidl_typesupport_fastrtps_c;rosidl_typesupport_introspection_c
[0.574s] -- Using all available rosidl_typesupport_cpp: rosidl_typesupport_fastrtps_cpp;rosidl_typesupport_introspection_cpp
[0.665s] -- Found rmw_implementation_cmake: 6.1.1 (/opt/ros/humble/share/rmw_implementation_cmake/cmake)
[0.668s] -- Found rmw_fastrtps_cpp: 6.2.5 (/opt/ros/humble/share/rmw_fastrtps_cpp/cmake)
[0.794s] -- Found OpenSSL: /usr/lib/x86_64-linux-gnu/libcrypto.so (found version "3.0.2")  
[0.831s] -- Found FastRTPS: /opt/ros/humble/include  
[0.893s] -- Using RMW implementation 'rmw_fastrtps_cpp' as default
[0.906s] -- Looking for pthread.h
[0.972s] -- Looking for pthread.h - found
[0.972s] -- Performing Test CMAKE_HAVE_LIBC_PTHREAD
[1.037s] -- Performing Test CMAKE_HAVE_LIBC_PTHREAD - Success
[1.039s] -- Found Threads: TRUE  
[1.187s] -- Found ament_lint_auto: 0.12.9 (/opt/ros/humble/share/ament_lint_auto/cmake)
[1.250s] -- Added test 'cppcheck' to perform static code analysis on C / C++ code
[1.250s] -- Configured cppcheck include dirs: $<BUILD_INTERFACE:/home/jacopo/Documents/Repo_Projects/Pronto_Estimator/pronto_core/include>
[1.250s] -- Configured cppcheck exclude dirs and/or files: 
[1.251s] -- Added test 'lint_cmake' to check CMake code style
[1.253s] -- Added test 'uncrustify' to check C / C++ code style
[1.253s] -- Configured uncrustify additional arguments: 
[1.254s] -- Added test 'xmllint' to check XML markup files
[1.256s] -- Configuring done
[1.263s] -- Generating done
[1.264s] -- Build files have been written to: /home/jacopo/Documents/Repo_Projects/Pronto_Estimator/build/pronto_core
[1.310s] Invoked command in '/home/jacopo/Documents/Repo_Projects/Pronto_Estimator/build/pronto_core' returned '0': CMAKE_PREFIX_PATH=${CMAKE_PREFIX_PATH}:/opt/ros/humble /usr/bin/cmake /home/jacopo/Documents/Repo_Projects/Pronto_Estimator/pronto_core -DAMENT_CMAKE_SYMLINK_INSTALL=1 -DCMAKE_INSTALL_PREFIX=/home/jacopo/Documents/Repo_Projects/Pronto_Estimator/install/pronto_core
[1.311s] Invoking command in '/home/jacopo/Documents/Repo_Projects/Pronto_Estimator/build/pronto_core': CMAKE_PREFIX_PATH=${CMAKE_PREFIX_PATH}:/opt/ros/humble /usr/bin/cmake --build /home/jacopo/Documents/Repo_Projects/Pronto_Estimator/build/pronto_core -- -j20 -l20
[1.358s] [ 33%] [32mBuilding CXX object CMakeFiles/pronto_core.dir/src/rigidbody.cpp.o[0m
[1.358s] [ 33%] [32mBuilding CXX object CMakeFiles/pronto_core.dir/src/rbis.cpp.o[0m
[1.358s] [ 41%] [32mBuilding CXX object CMakeFiles/pronto_core.dir/src/scan_matcher_module.cpp.o[0m
[1.358s] [ 50%] [32mBuilding CXX object CMakeFiles/pronto_core.dir/src/update_history.cpp.o[0m
[1.358s] [ 25%] [32mBuilding CXX object CMakeFiles/pronto_core.dir/src/ins_module.cpp.o[0m
[1.359s] [ 33%] [32mBuilding CXX object CMakeFiles/pronto_core.dir/src/state_est.cpp.o[0m
[1.359s] [ 58%] [32mBuilding CXX object CMakeFiles/pronto_core.dir/src/rbis_update_interface.cpp.o[0m
[1.360s] [ 66%] [32mBuilding CXX object CMakeFiles/pronto_core.dir/src/rotations.cpp.o[0m
[1.365s] [ 75%] [32mBuilding CXX object CMakeFiles/pronto_core.dir/src/indexed_meas_module.cpp.o[0m
[1.366s] [ 83%] [32mBuilding CXX object CMakeFiles/pronto_core.dir/src/init_message_module.cpp.o[0m
[1.368s] [ 91%] [32mBuilding CXX object CMakeFiles/pronto_core.dir/src/pose_meas_module.cpp.o[0m
[16.202s] [100%] [32m[1mLinking CXX shared library libpronto_core.so[0m
[17.243s] [100%] Built target pronto_core
[17.255s] Invoked command in '/home/jacopo/Documents/Repo_Projects/Pronto_Estimator/build/pronto_core' returned '0': CMAKE_PREFIX_PATH=${CMAKE_PREFIX_PATH}:/opt/ros/humble /usr/bin/cmake --build /home/jacopo/Documents/Repo_Projects/Pronto_Estimator/build/pronto_core -- -j20 -l20
[17.285s] Invoking command in '/home/jacopo/Documents/Repo_Projects/Pronto_Estimator/build/pronto_core': CMAKE_PREFIX_PATH=${CMAKE_PREFIX_PATH}:/opt/ros/humble /usr/bin/cmake --install /home/jacopo/Documents/Repo_Projects/Pronto_Estimator/build/pronto_core
[17.290s] -- Install configuration: ""
[17.290s] -- Execute custom install script
[17.290s] -- Symlinking: /home/jacopo/Documents/Repo_Projects/Pronto_Estimator/install/pronto_core/share/pronto_core/environment/library_path.sh
[17.296s] -- Symlinking: /home/jacopo/Documents/Repo_Projects/Pronto_Estimator/install/pronto_core/share/pronto_core/environment/library_path.dsv
[17.301s] -- Symlinking: /home/jacopo/Documents/Repo_Projects/Pronto_Estimator/install/pronto_core/include/pronto_core/definitions.hpp
[17.306s] -- Symlinking: /home/jacopo/Documents/Repo_Projects/Pronto_Estimator/install/pronto_core/include/pronto_core/gps_module.hpp
[17.311s] -- Symlinking: /home/jacopo/Documents/Repo_Projects/Pronto_Estimator/install/pronto_core/include/pronto_core/indexed_meas_module.hpp
[17.316s] -- Symlinking: /home/jacopo/Documents/Repo_Projects/Pronto_Estimator/install/pronto_core/include/pronto_core/init_message_module.hpp
[17.322s] -- Symlinking: /home/jacopo/Documents/Repo_Projects/Pronto_Estimator/install/pronto_core/include/pronto_core/ins_module.hpp
[17.327s] -- Symlinking: /home/jacopo/Documents/Repo_Projects/Pronto_Estimator/install/pronto_core/include/pronto_core/lidar_odometry_module.hpp
[17.332s] -- Symlinking: /home/jacopo/Documents/Repo_Projects/Pronto_Estimator/install/pronto_core/include/pronto_core/pose_meas_module.hpp
[17.337s] -- Symlinking: /home/jacopo/Documents/Repo_Projects/Pronto_Estimator/install/pronto_core/include/pronto_core/pronto_core.hpp
[17.341s] -- Symlinking: /home/jacopo/Documents/Repo_Projects/Pronto_Estimator/install/pronto_core/include/pronto_core/rbis.hpp
[17.346s] -- Symlinking: /home/jacopo/Documents/Repo_Projects/Pronto_Estimator/install/pronto_core/include/pronto_core/rbis_update_interface.hpp
[17.351s] -- Symlinking: /home/jacopo/Documents/Repo_Projects/Pronto_Estimator/install/pronto_core/include/pronto_core/rigidbody.hpp
[17.356s] -- Symlinking: /home/jacopo/Documents/Repo_Projects/Pronto_Estimator/install/pronto_core/include/pronto_core/rotations.hpp
[17.362s] -- Symlinking: /home/jacopo/Documents/Repo_Projects/Pronto_Estimator/install/pronto_core/include/pronto_core/scan_matcher_module.hpp
[17.367s] -- Symlinking: /home/jacopo/Documents/Repo_Projects/Pronto_Estimator/install/pronto_core/include/pronto_core/sensing_module.hpp
[17.372s] -- Symlinking: /home/jacopo/Documents/Repo_Projects/Pronto_Estimator/install/pronto_core/include/pronto_core/state_est.hpp
[17.377s] -- Symlinking: /home/jacopo/Documents/Repo_Projects/Pronto_Estimator/install/pronto_core/include/pronto_core/update_history.hpp
[17.382s] -- Symlinking: /home/jacopo/Documents/Repo_Projects/Pronto_Estimator/install/pronto_core/include/pronto_core/vicon_module.hpp
[17.388s] -- Symlinking: /home/jacopo/Documents/Repo_Projects/Pronto_Estimator/install/pronto_core/include/pronto_core/visibility_control.h
[17.393s] -- Symlinking: /home/jacopo/Documents/Repo_Projects/Pronto_Estimator/install/pronto_core/include/pronto_core/visual_odometry_module.hpp
[17.398s] -- Symlinking: /home/jacopo/Documents/Repo_Projects/Pronto_Estimator/install/pronto_core/share/ament_index/resource_index/package_run_dependencies/pronto_core
[17.403s] -- Symlinking: /home/jacopo/Documents/Repo_Projects/Pronto_Estimator/install/pronto_core/share/ament_index/resource_index/parent_prefix_path/pronto_core
[17.408s] -- Symlinking: /home/jacopo/Documents/Repo_Projects/Pronto_Estimator/install/pronto_core/share/pronto_core/environment/ament_prefix_path.sh
[17.413s] -- Symlinking: /home/jacopo/Documents/Repo_Projects/Pronto_Estimator/install/pronto_core/share/pronto_core/environment/ament_prefix_path.dsv
[17.418s] -- Symlinking: /home/jacopo/Documents/Repo_Projects/Pronto_Estimator/install/pronto_core/share/pronto_core/environment/path.sh
[17.423s] -- Symlinking: /home/jacopo/Documents/Repo_Projects/Pronto_Estimator/install/pronto_core/share/pronto_core/environment/path.dsv
[17.428s] -- Symlinking: /home/jacopo/Documents/Repo_Projects/Pronto_Estimator/install/pronto_core/share/pronto_core/local_setup.bash
[17.433s] -- Symlinking: /home/jacopo/Documents/Repo_Projects/Pronto_Estimator/install/pronto_core/share/pronto_core/local_setup.sh
[17.438s] -- Symlinking: /home/jacopo/Documents/Repo_Projects/Pronto_Estimator/install/pronto_core/share/pronto_core/local_setup.zsh
[17.443s] -- Symlinking: /home/jacopo/Documents/Repo_Projects/Pronto_Estimator/install/pronto_core/share/pronto_core/local_setup.dsv
[17.448s] -- Symlinking: /home/jacopo/Documents/Repo_Projects/Pronto_Estimator/install/pronto_core/share/pronto_core/package.dsv
[17.453s] -- Symlinking: /home/jacopo/Documents/Repo_Projects/Pronto_Estimator/install/pronto_core/share/ament_index/resource_index/packages/pronto_core
[17.459s] -- Symlinking: /home/jacopo/Documents/Repo_Projects/Pronto_Estimator/install/pronto_core/share/pronto_core/cmake/ament_cmake_export_include_directories-extras.cmake
[17.464s] -- Symlinking: /home/jacopo/Documents/Repo_Projects/Pronto_Estimator/install/pronto_core/share/pronto_core/cmake/ament_cmake_export_libraries-extras.cmake
[17.470s] -- Symlinking: /home/jacopo/Documents/Repo_Projects/Pronto_Estimator/install/pronto_core/share/pronto_core/cmake/ament_cmake_export_dependencies-extras.cmake
[17.475s] -- Symlinking: /home/jacopo/Documents/Repo_Projects/Pronto_Estimator/install/pronto_core/share/pronto_core/cmake/ament_cmake_export_targets-extras.cmake
[17.480s] -- Symlinking: /home/jacopo/Documents/Repo_Projects/Pronto_Estimator/install/pronto_core/share/pronto_core/cmake/pronto_coreConfig.cmake
[17.485s] -- Symlinking: /home/jacopo/Documents/Repo_Projects/Pronto_Estimator/install/pronto_core/share/pronto_core/cmake/pronto_coreConfig-version.cmake
[17.490s] -- Symlinking: /home/jacopo/Documents/Repo_Projects/Pronto_Estimator/install/pronto_core/share/pronto_core/package.xml
[17.495s] -- Installing: /home/jacopo/Documents/Repo_Projects/Pronto_Estimator/install/pronto_core/lib/libpronto_core.so
[17.507s] -- Set runtime path of "/home/jacopo/Documents/Repo_Projects/Pronto_Estimator/install/pronto_core/lib/libpronto_core.so" to ""
[17.508s] -- Installing: /home/jacopo/Documents/Repo_Projects/Pronto_Estimator/install/pronto_core/share/pronto_core/cmake/export_pronto_coreExport.cmake
[17.508s] -- Installing: /home/jacopo/Documents/Repo_Projects/Pronto_Estimator/install/pronto_core/share/pronto_core/cmake/export_pronto_coreExport-noconfig.cmake
[17.509s] Invoked command in '/home/jacopo/Documents/Repo_Projects/Pronto_Estimator/build/pronto_core' returned '0': CMAKE_PREFIX_PATH=${CMAKE_PREFIX_PATH}:/opt/ros/humble /usr/bin/cmake --install /home/jacopo/Documents/Repo_Projects/Pronto_Estimator/build/pronto_core
