[0.053s] Invoking command in '/home/jacopo/Documents/Repo_Projects/Pronto_Estimator/build/pronto_quadruped_commons': CMAKE_PREFIX_PATH=${CMAKE_PREFIX_PATH}:/opt/ros/humble /usr/bin/cmake /home/jacopo/Documents/Repo_Projects/Pronto_Estimator/pronto_quadruped_commons -DAMENT_CMAKE_SYMLINK_INSTALL=1 -DCMAKE_INSTALL_PREFIX=/home/jacopo/Documents/Repo_Projects/Pronto_Estimator/install/pronto_quadruped_commons
[0.097s] -- The C compiler identification is GNU 11.4.0
[0.135s] -- The CXX compiler identification is GNU 11.4.0
[0.140s] -- Detecting C compiler ABI info
[0.184s] -- Detecting C compiler ABI info - done
[0.191s] -- Check for working C compiler: /usr/bin/cc - skipped
[0.191s] -- Detecting C compile features
[0.192s] -- Detecting C compile features - done
[0.194s] -- Detecting CXX compiler ABI info
[0.244s] -- Detecting CXX compiler ABI info - done
[0.251s] -- Check for working CXX compiler: /usr/bin/c++ - skipped
[0.251s] -- Detecting CXX compile features
[0.251s] -- Detecting CXX compile features - done
[0.253s] -- Found ament_cmake: 1.3.6 (/opt/ros/humble/share/ament_cmake/cmake)
[0.367s] -- Found Python3: /usr/bin/python3.10 (found version "3.10.12") found components: Interpreter 
[0.413s] -- Override CMake install command with custom implementation using symlinks instead of copying resources
[0.494s] -- Configuring done
[0.496s] -- Generating done
[0.497s] -- Build files have been written to: /home/jacopo/Documents/Repo_Projects/Pronto_Estimator/build/pronto_quadruped_commons
[0.500s] Invoked command in '/home/jacopo/Documents/Repo_Projects/Pronto_Estimator/build/pronto_quadruped_commons' returned '0': CMAKE_PREFIX_PATH=${CMAKE_PREFIX_PATH}:/opt/ros/humble /usr/bin/cmake /home/jacopo/Documents/Repo_Projects/Pronto_Estimator/pronto_quadruped_commons -DAMENT_CMAKE_SYMLINK_INSTALL=1 -DCMAKE_INSTALL_PREFIX=/home/jacopo/Documents/Repo_Projects/Pronto_Estimator/install/pronto_quadruped_commons
[0.501s] Invoking command in '/home/jacopo/Documents/Repo_Projects/Pronto_Estimator/build/pronto_quadruped_commons': CMAKE_PREFIX_PATH=${CMAKE_PREFIX_PATH}:/opt/ros/humble /usr/bin/cmake --build /home/jacopo/Documents/Repo_Projects/Pronto_Estimator/build/pronto_quadruped_commons -- -j20 -l20
[0.523s] Invoked command in '/home/jacopo/Documents/Repo_Projects/Pronto_Estimator/build/pronto_quadruped_commons' returned '0': CMAKE_PREFIX_PATH=${CMAKE_PREFIX_PATH}:/opt/ros/humble /usr/bin/cmake --build /home/jacopo/Documents/Repo_Projects/Pronto_Estimator/build/pronto_quadruped_commons -- -j20 -l20
[0.557s] Invoking command in '/home/jacopo/Documents/Repo_Projects/Pronto_Estimator/build/pronto_quadruped_commons': CMAKE_PREFIX_PATH=${CMAKE_PREFIX_PATH}:/opt/ros/humble /usr/bin/cmake --install /home/jacopo/Documents/Repo_Projects/Pronto_Estimator/build/pronto_quadruped_commons
[0.565s] -- Install configuration: ""
[0.565s] -- Execute custom install script
[0.566s] -- Symlinking: /home/jacopo/Documents/Repo_Projects/Pronto_Estimator/install/pronto_quadruped_commons/include/iit/rbd/InertiaMatrix.h
[0.578s] -- Symlinking: /home/jacopo/Documents/Repo_Projects/Pronto_Estimator/install/pronto_quadruped_commons/include/iit/rbd/StateDependentBase.h
[0.588s] -- Symlinking: /home/jacopo/Documents/Repo_Projects/Pronto_Estimator/install/pronto_quadruped_commons/include/iit/rbd/StateDependentMatrix.h
[0.597s] -- Symlinking: /home/jacopo/Documents/Repo_Projects/Pronto_Estimator/install/pronto_quadruped_commons/include/iit/rbd/TransformsBase.h
[0.608s] -- Symlinking: /home/jacopo/Documents/Repo_Projects/Pronto_Estimator/install/pronto_quadruped_commons/include/iit/rbd/eigen_traits.h
[0.617s] -- Symlinking: /home/jacopo/Documents/Repo_Projects/Pronto_Estimator/install/pronto_quadruped_commons/include/iit/rbd/internals.h
[0.626s] -- Symlinking: /home/jacopo/Documents/Repo_Projects/Pronto_Estimator/install/pronto_quadruped_commons/include/iit/rbd/rbd.h
[0.636s] -- Symlinking: /home/jacopo/Documents/Repo_Projects/Pronto_Estimator/install/pronto_quadruped_commons/include/iit/rbd/robcogen_commons.h
[0.647s] -- Symlinking: /home/jacopo/Documents/Repo_Projects/Pronto_Estimator/install/pronto_quadruped_commons/include/iit/rbd/scalar_traits.h
[0.657s] -- Symlinking: /home/jacopo/Documents/Repo_Projects/Pronto_Estimator/install/pronto_quadruped_commons/include/iit/rbd/utils.h
[0.668s] -- Symlinking: /home/jacopo/Documents/Repo_Projects/Pronto_Estimator/install/pronto_quadruped_commons/include/pronto_quadruped_commons/declarations.h
[0.677s] -- Symlinking: /home/jacopo/Documents/Repo_Projects/Pronto_Estimator/install/pronto_quadruped_commons/include/pronto_quadruped_commons/feet_contact_forces.h
[0.690s] -- Symlinking: /home/jacopo/Documents/Repo_Projects/Pronto_Estimator/install/pronto_quadruped_commons/include/pronto_quadruped_commons/feet_jacobians.h
[0.700s] -- Symlinking: /home/jacopo/Documents/Repo_Projects/Pronto_Estimator/install/pronto_quadruped_commons/include/pronto_quadruped_commons/forward_kinematics.h
[0.711s] -- Symlinking: /home/jacopo/Documents/Repo_Projects/Pronto_Estimator/install/pronto_quadruped_commons/include/pronto_quadruped_commons/geometry/algebra.h
[0.721s] -- Symlinking: /home/jacopo/Documents/Repo_Projects/Pronto_Estimator/install/pronto_quadruped_commons/include/pronto_quadruped_commons/geometry/rotations.h
[0.731s] -- Symlinking: /home/jacopo/Documents/Repo_Projects/Pronto_Estimator/install/pronto_quadruped_commons/include/pronto_quadruped_commons/inertia_properties.h
[0.742s] -- Symlinking: /home/jacopo/Documents/Repo_Projects/Pronto_Estimator/install/pronto_quadruped_commons/include/pronto_quadruped_commons/inverse_dynamics.h
[0.751s] -- Symlinking: /home/jacopo/Documents/Repo_Projects/Pronto_Estimator/install/pronto_quadruped_commons/include/pronto_quadruped_commons/inverse_kinematics.h
[0.762s] -- Symlinking: /home/jacopo/Documents/Repo_Projects/Pronto_Estimator/install/pronto_quadruped_commons/include/pronto_quadruped_commons/joint_bool_map.h
[0.773s] -- Symlinking: /home/jacopo/Documents/Repo_Projects/Pronto_Estimator/install/pronto_quadruped_commons/include/pronto_quadruped_commons/joint_data_map.h
[0.784s] -- Symlinking: /home/jacopo/Documents/Repo_Projects/Pronto_Estimator/install/pronto_quadruped_commons/include/pronto_quadruped_commons/joint_id_tricks.h
[0.791s] -- Symlinking: /home/jacopo/Documents/Repo_Projects/Pronto_Estimator/install/pronto_quadruped_commons/include/pronto_quadruped_commons/jsim.h
[0.799s] -- Symlinking: /home/jacopo/Documents/Repo_Projects/Pronto_Estimator/install/pronto_quadruped_commons/include/pronto_quadruped_commons/leg_bool_map.h
[0.807s] -- Symlinking: /home/jacopo/Documents/Repo_Projects/Pronto_Estimator/install/pronto_quadruped_commons/include/pronto_quadruped_commons/leg_data_map.h
[0.815s] -- Symlinking: /home/jacopo/Documents/Repo_Projects/Pronto_Estimator/install/pronto_quadruped_commons/include/pronto_quadruped_commons/leg_vector_map.h
[0.822s] -- Symlinking: /home/jacopo/Documents/Repo_Projects/Pronto_Estimator/install/pronto_quadruped_commons/include/pronto_quadruped_commons/link_data_map.h
[0.829s] -- Symlinking: /home/jacopo/Documents/Repo_Projects/Pronto_Estimator/install/pronto_quadruped_commons/include/pronto_quadruped_commons/robcogen/scalar/cppad.h
[0.836s] -- Symlinking: /home/jacopo/Documents/Repo_Projects/Pronto_Estimator/install/pronto_quadruped_commons/include/pronto_quadruped_commons/robcogen/scalar/internals.h
[0.843s] -- Symlinking: /home/jacopo/Documents/Repo_Projects/Pronto_Estimator/install/pronto_quadruped_commons/include/pronto_quadruped_commons/robcogen/test/cmdline_fd.h
[0.850s] -- Symlinking: /home/jacopo/Documents/Repo_Projects/Pronto_Estimator/install/pronto_quadruped_commons/include/pronto_quadruped_commons/robcogen/test/cmdline_id.h
[0.857s] -- Symlinking: /home/jacopo/Documents/Repo_Projects/Pronto_Estimator/install/pronto_quadruped_commons/include/pronto_quadruped_commons/robcogen/test/cmdline_jsim.h
[0.864s] -- Symlinking: /home/jacopo/Documents/Repo_Projects/Pronto_Estimator/install/pronto_quadruped_commons/include/pronto_quadruped_commons/robcogen/test/dynamics_cmd_line.h
[0.875s] -- Symlinking: /home/jacopo/Documents/Repo_Projects/Pronto_Estimator/install/pronto_quadruped_commons/include/pronto_quadruped_commons/robcogen/test/dynamics_consistency.h
[0.885s] -- Symlinking: /home/jacopo/Documents/Repo_Projects/Pronto_Estimator/install/pronto_quadruped_commons/include/pronto_quadruped_commons/robcogen/test/fext.h
[0.894s] -- Symlinking: /home/jacopo/Documents/Repo_Projects/Pronto_Estimator/install/pronto_quadruped_commons/include/pronto_quadruped_commons/robcogen/utils.h
[0.904s] -- Symlinking: /home/jacopo/Documents/Repo_Projects/Pronto_Estimator/install/pronto_quadruped_commons/include/pronto_quadruped_commons/transforms.h
[0.914s] -- Symlinking: /home/jacopo/Documents/Repo_Projects/Pronto_Estimator/install/pronto_quadruped_commons/share/ament_index/resource_index/package_run_dependencies/pronto_quadruped_commons
[0.924s] -- Symlinking: /home/jacopo/Documents/Repo_Projects/Pronto_Estimator/install/pronto_quadruped_commons/share/ament_index/resource_index/parent_prefix_path/pronto_quadruped_commons
[0.931s] -- Symlinking: /home/jacopo/Documents/Repo_Projects/Pronto_Estimator/install/pronto_quadruped_commons/share/pronto_quadruped_commons/environment/ament_prefix_path.sh
[0.937s] -- Symlinking: /home/jacopo/Documents/Repo_Projects/Pronto_Estimator/install/pronto_quadruped_commons/share/pronto_quadruped_commons/environment/ament_prefix_path.dsv
[0.944s] -- Symlinking: /home/jacopo/Documents/Repo_Projects/Pronto_Estimator/install/pronto_quadruped_commons/share/pronto_quadruped_commons/environment/path.sh
[0.954s] -- Symlinking: /home/jacopo/Documents/Repo_Projects/Pronto_Estimator/install/pronto_quadruped_commons/share/pronto_quadruped_commons/environment/path.dsv
[0.963s] -- Symlinking: /home/jacopo/Documents/Repo_Projects/Pronto_Estimator/install/pronto_quadruped_commons/share/pronto_quadruped_commons/local_setup.bash
[0.973s] -- Symlinking: /home/jacopo/Documents/Repo_Projects/Pronto_Estimator/install/pronto_quadruped_commons/share/pronto_quadruped_commons/local_setup.sh
[0.983s] -- Symlinking: /home/jacopo/Documents/Repo_Projects/Pronto_Estimator/install/pronto_quadruped_commons/share/pronto_quadruped_commons/local_setup.zsh
[0.994s] -- Symlinking: /home/jacopo/Documents/Repo_Projects/Pronto_Estimator/install/pronto_quadruped_commons/share/pronto_quadruped_commons/local_setup.dsv
[1.005s] -- Symlinking: /home/jacopo/Documents/Repo_Projects/Pronto_Estimator/install/pronto_quadruped_commons/share/pronto_quadruped_commons/package.dsv
[1.015s] -- Symlinking: /home/jacopo/Documents/Repo_Projects/Pronto_Estimator/install/pronto_quadruped_commons/share/ament_index/resource_index/packages/pronto_quadruped_commons
[1.026s] -- Symlinking: /home/jacopo/Documents/Repo_Projects/Pronto_Estimator/install/pronto_quadruped_commons/share/pronto_quadruped_commons/cmake/ament_cmake_export_dependencies-extras.cmake
[1.037s] -- Symlinking: /home/jacopo/Documents/Repo_Projects/Pronto_Estimator/install/pronto_quadruped_commons/share/pronto_quadruped_commons/cmake/ament_cmake_export_include_directories-extras.cmake
[1.047s] -- Symlinking: /home/jacopo/Documents/Repo_Projects/Pronto_Estimator/install/pronto_quadruped_commons/share/pronto_quadruped_commons/cmake/pronto_quadruped_commonsConfig.cmake
[1.058s] -- Symlinking: /home/jacopo/Documents/Repo_Projects/Pronto_Estimator/install/pronto_quadruped_commons/share/pronto_quadruped_commons/cmake/pronto_quadruped_commonsConfig-version.cmake
[1.068s] -- Symlinking: /home/jacopo/Documents/Repo_Projects/Pronto_Estimator/install/pronto_quadruped_commons/share/pronto_quadruped_commons/package.xml
[1.079s] Invoked command in '/home/jacopo/Documents/Repo_Projects/Pronto_Estimator/build/pronto_quadruped_commons' returned '0': CMAKE_PREFIX_PATH=${CMAKE_PREFIX_PATH}:/opt/ros/humble /usr/bin/cmake --install /home/jacopo/Documents/Repo_Projects/Pronto_Estimator/build/pronto_quadruped_commons
