[0.098s] Invoking command in '/home/jacopo/Documents/Repo_Projects/Pronto_Estimator/build/pronto_quadruped': AMENT_PREFIX_PATH=/home/jacopo/Documents/Repo_Projects/Pronto_Estimator/install/pronto_utils:/home/jacopo/Documents/Repo_Projects/Pronto_Estimator/install/pronto_quadruped_commons:/home/jacopo/Documents/Repo_Projects/Pronto_Estimator/install/pronto_core:${AMENT_PREFIX_PATH} CMAKE_PREFIX_PATH=/home/jacopo/Documents/Repo_Projects/Pronto_Estimator/install/pronto_utils:/home/jacopo/Documents/Repo_Projects/Pronto_Estimator/install/pronto_quadruped_commons:/home/jacopo/Documents/Repo_Projects/Pronto_Estimator/install/pronto_core:/opt/openrobots:/opt/openrobots:/opt/ros/humble LD_LIBRARY_PATH=/home/jacopo/Documents/Repo_Projects/Pronto_Estimator/install/pronto_utils/lib:/home/jacopo/Documents/Repo_Projects/Pronto_Estimator/install/pronto_core/lib:${LD_LIBRARY_PATH} /usr/bin/cmake /home/jacopo/Documents/Repo_Projects/Pronto_Estimator/pronto_quadruped -DAMENT_CMAKE_SYMLINK_INSTALL=1 -DCMAKE_INSTALL_PREFIX=/home/jacopo/Documents/Repo_Projects/Pronto_Estimator/install/pronto_quadruped
[0.145s] -- The C compiler identification is GNU 11.4.0
[0.182s] -- The CXX compiler identification is GNU 11.4.0
[0.189s] -- Detecting C compiler ABI info
[0.237s] -- Detecting C compiler ABI info - done
[0.242s] -- Check for working C compiler: /usr/bin/cc - skipped
[0.242s] -- Detecting C compile features
[0.242s] -- Detecting C compile features - done
[0.244s] -- Detecting CXX compiler ABI info
[0.301s] -- Detecting CXX compiler ABI info - done
[0.306s] -- Check for working CXX compiler: /usr/bin/c++ - skipped
[0.306s] -- Detecting CXX compile features
[0.306s] -- Detecting CXX compile features - done
[0.308s] -- Found ament_cmake: 1.3.6 (/opt/ros/humble/share/ament_cmake/cmake)
[0.436s] -- Found Python3: /usr/bin/python3.10 (found version "3.10.12") found components: Interpreter 
[0.484s] -- Override CMake install command with custom implementation using symlinks instead of copying resources
[0.514s] -- Found pronto_quadruped_commons: 0.3.0 (/home/jacopo/Documents/Repo_Projects/Pronto_Estimator/install/pronto_quadruped_commons/share/pronto_quadruped_commons/cmake)
[0.516s] -- Found pronto_utils: 0.0.0 (/home/jacopo/Documents/Repo_Projects/Pronto_Estimator/install/pronto_utils/share/pronto_utils/cmake)
[0.527s] -- Found pronto_core: 0.0.0 (/home/jacopo/Documents/Repo_Projects/Pronto_Estimator/install/pronto_core/share/pronto_core/cmake)
[0.580s] -- Found rosidl_generator_c: 3.1.5 (/opt/ros/humble/share/rosidl_generator_c/cmake)
[0.587s] -- Found rosidl_adapter: 3.1.5 (/opt/ros/humble/share/rosidl_adapter/cmake)
[0.597s] -- Found rosidl_generator_cpp: 3.1.5 (/opt/ros/humble/share/rosidl_generator_cpp/cmake)
[0.613s] -- Using all available rosidl_typesupport_c: rosidl_typesupport_fastrtps_c;rosidl_typesupport_introspection_c
[0.637s] -- Using all available rosidl_typesupport_cpp: rosidl_typesupport_fastrtps_cpp;rosidl_typesupport_introspection_cpp
[0.722s] -- Found rmw_implementation_cmake: 6.1.1 (/opt/ros/humble/share/rmw_implementation_cmake/cmake)
[0.725s] -- Found rmw_fastrtps_cpp: 6.2.5 (/opt/ros/humble/share/rmw_fastrtps_cpp/cmake)
[0.820s] -- Found OpenSSL: /usr/lib/x86_64-linux-gnu/libcrypto.so (found version "3.0.2")  
[0.850s] -- Found FastRTPS: /opt/ros/humble/include  
[0.901s] -- Using RMW implementation 'rmw_fastrtps_cpp' as default
[0.912s] -- Looking for pthread.h
[0.965s] -- Looking for pthread.h - found
[0.965s] -- Performing Test CMAKE_HAVE_LIBC_PTHREAD
[1.016s] -- Performing Test CMAKE_HAVE_LIBC_PTHREAD - Success
[1.017s] -- Found Threads: TRUE  
[1.202s] -- Found ament_lint_auto: 0.12.9 (/opt/ros/humble/share/ament_lint_auto/cmake)
[1.264s] -- Added test 'cppcheck' to perform static code analysis on C / C++ code
[1.264s] -- Configured cppcheck include dirs: $<BUILD_INTERFACE:/home/jacopo/Documents/Repo_Projects/Pronto_Estimator/pronto_quadruped/include>
[1.264s] -- Configured cppcheck exclude dirs and/or files: 
[1.265s] -- Added test 'lint_cmake' to check CMake code style
[1.267s] -- Added test 'uncrustify' to check C / C++ code style
[1.267s] -- Configured uncrustify additional arguments: 
[1.267s] -- Added test 'xmllint' to check XML markup files
[1.271s] -- Configuring done
[1.280s] -- Generating done
[1.281s] -- Build files have been written to: /home/jacopo/Documents/Repo_Projects/Pronto_Estimator/build/pronto_quadruped
[1.290s] Invoked command in '/home/jacopo/Documents/Repo_Projects/Pronto_Estimator/build/pronto_quadruped' returned '0': AMENT_PREFIX_PATH=/home/jacopo/Documents/Repo_Projects/Pronto_Estimator/install/pronto_utils:/home/jacopo/Documents/Repo_Projects/Pronto_Estimator/install/pronto_quadruped_commons:/home/jacopo/Documents/Repo_Projects/Pronto_Estimator/install/pronto_core:${AMENT_PREFIX_PATH} CMAKE_PREFIX_PATH=/home/jacopo/Documents/Repo_Projects/Pronto_Estimator/install/pronto_utils:/home/jacopo/Documents/Repo_Projects/Pronto_Estimator/install/pronto_quadruped_commons:/home/jacopo/Documents/Repo_Projects/Pronto_Estimator/install/pronto_core:/opt/openrobots:/opt/openrobots:/opt/ros/humble LD_LIBRARY_PATH=/home/jacopo/Documents/Repo_Projects/Pronto_Estimator/install/pronto_utils/lib:/home/jacopo/Documents/Repo_Projects/Pronto_Estimator/install/pronto_core/lib:${LD_LIBRARY_PATH} /usr/bin/cmake /home/jacopo/Documents/Repo_Projects/Pronto_Estimator/pronto_quadruped -DAMENT_CMAKE_SYMLINK_INSTALL=1 -DCMAKE_INSTALL_PREFIX=/home/jacopo/Documents/Repo_Projects/Pronto_Estimator/install/pronto_quadruped
[1.291s] Invoking command in '/home/jacopo/Documents/Repo_Projects/Pronto_Estimator/build/pronto_quadruped': AMENT_PREFIX_PATH=/home/jacopo/Documents/Repo_Projects/Pronto_Estimator/install/pronto_utils:/home/jacopo/Documents/Repo_Projects/Pronto_Estimator/install/pronto_quadruped_commons:/home/jacopo/Documents/Repo_Projects/Pronto_Estimator/install/pronto_core:${AMENT_PREFIX_PATH} CMAKE_PREFIX_PATH=/home/jacopo/Documents/Repo_Projects/Pronto_Estimator/install/pronto_utils:/home/jacopo/Documents/Repo_Projects/Pronto_Estimator/install/pronto_quadruped_commons:/home/jacopo/Documents/Repo_Projects/Pronto_Estimator/install/pronto_core:/opt/openrobots:/opt/openrobots:/opt/ros/humble LD_LIBRARY_PATH=/home/jacopo/Documents/Repo_Projects/Pronto_Estimator/install/pronto_utils/lib:/home/jacopo/Documents/Repo_Projects/Pronto_Estimator/install/pronto_core/lib:${LD_LIBRARY_PATH} /usr/bin/cmake --build /home/jacopo/Documents/Repo_Projects/Pronto_Estimator/build/pronto_quadruped -- -j20 -l20
[1.325s] [ 44%] [32mBuilding CXX object CMakeFiles/pronto_quadruped.dir/src/LegOdometer.cpp.o[0m
[1.325s] [ 44%] [32mBuilding CXX object CMakeFiles/pronto_quadruped.dir/src/DynamicStanceEstimator.cpp.o[0m
[1.325s] [ 44%] [32mBuilding CXX object CMakeFiles/pronto_quadruped.dir/src/FootSensorStanceDetector.cpp.o[0m
[1.325s] [ 44%] [32mBuilding CXX object CMakeFiles/pronto_quadruped.dir/src/ForceSensorStanceEstimator.cpp.o[0m
[1.325s] [ 55%] [32mBuilding CXX object CMakeFiles/pronto_quadruped.dir/src/ImuBiasLock.cpp.o[0m
[1.328s] [ 77%] [32mBuilding CXX object CMakeFiles/pronto_quadruped.dir/src/FlexEstimator.cpp.o[0m
[1.328s] [ 77%] [32mBuilding CXX object CMakeFiles/pronto_quadruped.dir/src/StanceEstimator.cpp.o[0m
[1.328s] [ 88%] [32mBuilding CXX object CMakeFiles/pronto_quadruped.dir/src/DataLogger.cpp.o[0m
[13.449s] [100%] [32m[1mLinking CXX shared library libpronto_quadruped.so[0m
[13.859s] [100%] Built target pronto_quadruped
[13.870s] Invoked command in '/home/jacopo/Documents/Repo_Projects/Pronto_Estimator/build/pronto_quadruped' returned '0': AMENT_PREFIX_PATH=/home/jacopo/Documents/Repo_Projects/Pronto_Estimator/install/pronto_utils:/home/jacopo/Documents/Repo_Projects/Pronto_Estimator/install/pronto_quadruped_commons:/home/jacopo/Documents/Repo_Projects/Pronto_Estimator/install/pronto_core:${AMENT_PREFIX_PATH} CMAKE_PREFIX_PATH=/home/jacopo/Documents/Repo_Projects/Pronto_Estimator/install/pronto_utils:/home/jacopo/Documents/Repo_Projects/Pronto_Estimator/install/pronto_quadruped_commons:/home/jacopo/Documents/Repo_Projects/Pronto_Estimator/install/pronto_core:/opt/openrobots:/opt/openrobots:/opt/ros/humble LD_LIBRARY_PATH=/home/jacopo/Documents/Repo_Projects/Pronto_Estimator/install/pronto_utils/lib:/home/jacopo/Documents/Repo_Projects/Pronto_Estimator/install/pronto_core/lib:${LD_LIBRARY_PATH} /usr/bin/cmake --build /home/jacopo/Documents/Repo_Projects/Pronto_Estimator/build/pronto_quadruped -- -j20 -l20
[13.896s] Invoking command in '/home/jacopo/Documents/Repo_Projects/Pronto_Estimator/build/pronto_quadruped': AMENT_PREFIX_PATH=/home/jacopo/Documents/Repo_Projects/Pronto_Estimator/install/pronto_utils:/home/jacopo/Documents/Repo_Projects/Pronto_Estimator/install/pronto_quadruped_commons:/home/jacopo/Documents/Repo_Projects/Pronto_Estimator/install/pronto_core:${AMENT_PREFIX_PATH} CMAKE_PREFIX_PATH=/home/jacopo/Documents/Repo_Projects/Pronto_Estimator/install/pronto_utils:/home/jacopo/Documents/Repo_Projects/Pronto_Estimator/install/pronto_quadruped_commons:/home/jacopo/Documents/Repo_Projects/Pronto_Estimator/install/pronto_core:/opt/openrobots:/opt/openrobots:/opt/ros/humble LD_LIBRARY_PATH=/home/jacopo/Documents/Repo_Projects/Pronto_Estimator/install/pronto_utils/lib:/home/jacopo/Documents/Repo_Projects/Pronto_Estimator/install/pronto_core/lib:${LD_LIBRARY_PATH} /usr/bin/cmake --install /home/jacopo/Documents/Repo_Projects/Pronto_Estimator/build/pronto_quadruped
[13.900s] -- Install configuration: ""
[13.900s] -- Execute custom install script
[13.900s] -- Symlinking: /home/jacopo/Documents/Repo_Projects/Pronto_Estimator/install/pronto_quadruped/share/pronto_quadruped/environment/library_path.sh
[13.906s] -- Symlinking: /home/jacopo/Documents/Repo_Projects/Pronto_Estimator/install/pronto_quadruped/share/pronto_quadruped/environment/library_path.dsv
[13.912s] -- Symlinking: /home/jacopo/Documents/Repo_Projects/Pronto_Estimator/install/pronto_quadruped/include/pronto_quadruped/DataLogger.hpp
[13.917s] -- Symlinking: /home/jacopo/Documents/Repo_Projects/Pronto_Estimator/install/pronto_quadruped/include/pronto_quadruped/DynamicStanceEstimator.hpp
[13.922s] -- Symlinking: /home/jacopo/Documents/Repo_Projects/Pronto_Estimator/install/pronto_quadruped/include/pronto_quadruped/FlexEstimator.hpp
[13.927s] -- Symlinking: /home/jacopo/Documents/Repo_Projects/Pronto_Estimator/install/pronto_quadruped/include/pronto_quadruped/FootSensorStanceDetector.hpp
[13.933s] -- Symlinking: /home/jacopo/Documents/Repo_Projects/Pronto_Estimator/install/pronto_quadruped/include/pronto_quadruped/ForceSensorStanceEstimator.hpp
[13.938s] -- Symlinking: /home/jacopo/Documents/Repo_Projects/Pronto_Estimator/install/pronto_quadruped/include/pronto_quadruped/ImuBiasLock.hpp
[13.943s] -- Symlinking: /home/jacopo/Documents/Repo_Projects/Pronto_Estimator/install/pronto_quadruped/include/pronto_quadruped/InverseSchmittTrigger.hpp
[13.949s] -- Symlinking: /home/jacopo/Documents/Repo_Projects/Pronto_Estimator/install/pronto_quadruped/include/pronto_quadruped/LegOdometer.hpp
[13.954s] -- Symlinking: /home/jacopo/Documents/Repo_Projects/Pronto_Estimator/install/pronto_quadruped/include/pronto_quadruped/LegOdometerBase.hpp
[13.959s] -- Symlinking: /home/jacopo/Documents/Repo_Projects/Pronto_Estimator/install/pronto_quadruped/include/pronto_quadruped/StanceEstimator.hpp
[13.964s] -- Symlinking: /home/jacopo/Documents/Repo_Projects/Pronto_Estimator/install/pronto_quadruped/include/pronto_quadruped/StanceEstimatorBase.hpp
[13.970s] -- Symlinking: /home/jacopo/Documents/Repo_Projects/Pronto_Estimator/install/pronto_quadruped/include/pronto_quadruped/pronto_quadruped.hpp
[13.975s] -- Symlinking: /home/jacopo/Documents/Repo_Projects/Pronto_Estimator/install/pronto_quadruped/include/pronto_quadruped/visibility_control.h
[13.981s] -- Symlinking: /home/jacopo/Documents/Repo_Projects/Pronto_Estimator/install/pronto_quadruped/share/ament_index/resource_index/package_run_dependencies/pronto_quadruped
[13.986s] -- Symlinking: /home/jacopo/Documents/Repo_Projects/Pronto_Estimator/install/pronto_quadruped/share/ament_index/resource_index/parent_prefix_path/pronto_quadruped
[13.992s] -- Symlinking: /home/jacopo/Documents/Repo_Projects/Pronto_Estimator/install/pronto_quadruped/share/pronto_quadruped/environment/ament_prefix_path.sh
[13.997s] -- Symlinking: /home/jacopo/Documents/Repo_Projects/Pronto_Estimator/install/pronto_quadruped/share/pronto_quadruped/environment/ament_prefix_path.dsv
[14.003s] -- Symlinking: /home/jacopo/Documents/Repo_Projects/Pronto_Estimator/install/pronto_quadruped/share/pronto_quadruped/environment/path.sh
[14.008s] -- Symlinking: /home/jacopo/Documents/Repo_Projects/Pronto_Estimator/install/pronto_quadruped/share/pronto_quadruped/environment/path.dsv
[14.013s] -- Symlinking: /home/jacopo/Documents/Repo_Projects/Pronto_Estimator/install/pronto_quadruped/share/pronto_quadruped/local_setup.bash
[14.018s] -- Symlinking: /home/jacopo/Documents/Repo_Projects/Pronto_Estimator/install/pronto_quadruped/share/pronto_quadruped/local_setup.sh
[14.023s] -- Symlinking: /home/jacopo/Documents/Repo_Projects/Pronto_Estimator/install/pronto_quadruped/share/pronto_quadruped/local_setup.zsh
[14.028s] -- Symlinking: /home/jacopo/Documents/Repo_Projects/Pronto_Estimator/install/pronto_quadruped/share/pronto_quadruped/local_setup.dsv
[14.033s] -- Symlinking: /home/jacopo/Documents/Repo_Projects/Pronto_Estimator/install/pronto_quadruped/share/pronto_quadruped/package.dsv
[14.038s] -- Symlinking: /home/jacopo/Documents/Repo_Projects/Pronto_Estimator/install/pronto_quadruped/share/ament_index/resource_index/packages/pronto_quadruped
[14.043s] -- Symlinking: /home/jacopo/Documents/Repo_Projects/Pronto_Estimator/install/pronto_quadruped/share/pronto_quadruped/cmake/ament_cmake_export_include_directories-extras.cmake
[14.048s] -- Symlinking: /home/jacopo/Documents/Repo_Projects/Pronto_Estimator/install/pronto_quadruped/share/pronto_quadruped/cmake/ament_cmake_export_libraries-extras.cmake
[14.053s] -- Symlinking: /home/jacopo/Documents/Repo_Projects/Pronto_Estimator/install/pronto_quadruped/share/pronto_quadruped/cmake/ament_cmake_export_dependencies-extras.cmake
[14.058s] -- Symlinking: /home/jacopo/Documents/Repo_Projects/Pronto_Estimator/install/pronto_quadruped/share/pronto_quadruped/cmake/ament_cmake_export_targets-extras.cmake
[14.063s] -- Symlinking: /home/jacopo/Documents/Repo_Projects/Pronto_Estimator/install/pronto_quadruped/share/pronto_quadruped/cmake/pronto_quadrupedConfig.cmake
[14.068s] -- Symlinking: /home/jacopo/Documents/Repo_Projects/Pronto_Estimator/install/pronto_quadruped/share/pronto_quadruped/cmake/pronto_quadrupedConfig-version.cmake
[14.073s] -- Symlinking: /home/jacopo/Documents/Repo_Projects/Pronto_Estimator/install/pronto_quadruped/share/pronto_quadruped/package.xml
[14.078s] -- Installing: /home/jacopo/Documents/Repo_Projects/Pronto_Estimator/install/pronto_quadruped/lib/libpronto_quadruped.so
[14.083s] -- Set runtime path of "/home/jacopo/Documents/Repo_Projects/Pronto_Estimator/install/pronto_quadruped/lib/libpronto_quadruped.so" to ""
[14.083s] -- Installing: /home/jacopo/Documents/Repo_Projects/Pronto_Estimator/install/pronto_quadruped/share/pronto_quadruped/cmake/export_pronto_quadrupedExport.cmake
[14.083s] -- Installing: /home/jacopo/Documents/Repo_Projects/Pronto_Estimator/install/pronto_quadruped/share/pronto_quadruped/cmake/export_pronto_quadrupedExport-noconfig.cmake
[14.084s] Invoked command in '/home/jacopo/Documents/Repo_Projects/Pronto_Estimator/build/pronto_quadruped' returned '0': AMENT_PREFIX_PATH=/home/jacopo/Documents/Repo_Projects/Pronto_Estimator/install/pronto_utils:/home/jacopo/Documents/Repo_Projects/Pronto_Estimator/install/pronto_quadruped_commons:/home/jacopo/Documents/Repo_Projects/Pronto_Estimator/install/pronto_core:${AMENT_PREFIX_PATH} CMAKE_PREFIX_PATH=/home/jacopo/Documents/Repo_Projects/Pronto_Estimator/install/pronto_utils:/home/jacopo/Documents/Repo_Projects/Pronto_Estimator/install/pronto_quadruped_commons:/home/jacopo/Documents/Repo_Projects/Pronto_Estimator/install/pronto_core:/opt/openrobots:/opt/openrobots:/opt/ros/humble LD_LIBRARY_PATH=/home/jacopo/Documents/Repo_Projects/Pronto_Estimator/install/pronto_utils/lib:/home/jacopo/Documents/Repo_Projects/Pronto_Estimator/install/pronto_core/lib:${LD_LIBRARY_PATH} /usr/bin/cmake --install /home/jacopo/Documents/Repo_Projects/Pronto_Estimator/build/pronto_quadruped
