[0.043s] Invoking command in '/home/jacopo/Documents/Repo_Projects/Pronto_Estimator/build/pronto_ros': AMENT_PREFIX_PATH=/home/jacopo/Documents/Repo_Projects/Pronto_Estimator/install/pronto_msgs:/home/jacopo/Documents/Repo_Projects/Pronto_Estimator/install/pronto_core:${AMENT_PREFIX_PATH} CMAKE_PREFIX_PATH=/home/jacopo/Documents/Repo_Projects/Pronto_Estimator/install/pronto_msgs:/home/jacopo/Documents/Repo_Projects/Pronto_Estimator/install/pronto_core:/opt/openrobots:/opt/openrobots:/opt/ros/humble LD_LIBRARY_PATH=/home/jacopo/Documents/Repo_Projects/Pronto_Estimator/install/pronto_msgs/lib:/home/jacopo/Documents/Repo_Projects/Pronto_Estimator/install/pronto_core/lib:${LD_LIBRARY_PATH} PYTHONPATH=/home/jacopo/Documents/Repo_Projects/Pronto_Estimator/install/pronto_msgs/local/lib/python3.10/dist-packages:${PYTHONPATH} /usr/bin/cmake /home/jacopo/Documents/Repo_Projects/Pronto_Estimator/pronto_ros -DAMENT_CMAKE_SYMLINK_INSTALL=1 -DCMAKE_INSTALL_PREFIX=/home/jacopo/Documents/Repo_Projects/Pronto_Estimator/install/pronto_ros
[0.083s] -- The C compiler identification is GNU 11.4.0
[0.120s] -- The CXX compiler identification is GNU 11.4.0
[0.125s] -- Detecting C compiler ABI info
[0.172s] -- Detecting C compiler ABI info - done
[0.180s] -- Check for working C compiler: /usr/bin/cc - skipped
[0.181s] -- Detecting C compile features
[0.181s] -- Detecting C compile features - done
[0.184s] -- Detecting CXX compiler ABI info
[0.242s] -- Detecting CXX compiler ABI info - done
[0.251s] -- Check for working CXX compiler: /usr/bin/c++ - skipped
[0.252s] -- Detecting CXX compile features
[0.252s] -- Detecting CXX compile features - done
[0.255s] -- Found ament_cmake: 1.3.6 (/opt/ros/humble/share/ament_cmake/cmake)
[0.388s] -- Found Python3: /usr/bin/python3.10 (found version "3.10.12") found components: Interpreter 
[0.432s] -- Override CMake install command with custom implementation using symlinks instead of copying resources
[0.462s] -- Found ament_cmake_ros: 0.10.0 (/opt/ros/humble/share/ament_cmake_ros/cmake)
[0.476s] -- Found pronto_msgs: 0.3.0 (/home/jacopo/Documents/Repo_Projects/Pronto_Estimator/install/pronto_msgs/share/pronto_msgs/cmake)
[0.516s] -- Found rosidl_generator_c: 3.1.5 (/opt/ros/humble/share/rosidl_generator_c/cmake)
[0.522s] -- Found rosidl_adapter: 3.1.5 (/opt/ros/humble/share/rosidl_adapter/cmake)
[0.533s] -- Found rosidl_generator_cpp: 3.1.5 (/opt/ros/humble/share/rosidl_generator_cpp/cmake)
[0.549s] -- Using all available rosidl_typesupport_c: rosidl_typesupport_fastrtps_c;rosidl_typesupport_introspection_c
[0.572s] -- Using all available rosidl_typesupport_cpp: rosidl_typesupport_fastrtps_cpp;rosidl_typesupport_introspection_cpp
[0.829s] -- Found pronto_core: 0.0.0 (/home/jacopo/Documents/Repo_Projects/Pronto_Estimator/install/pronto_core/share/pronto_core/cmake)
[0.901s] -- Found rmw_implementation_cmake: 6.1.1 (/opt/ros/humble/share/rmw_implementation_cmake/cmake)
[0.904s] -- Found rmw_fastrtps_cpp: 6.2.5 (/opt/ros/humble/share/rmw_fastrtps_cpp/cmake)
[0.996s] -- Found OpenSSL: /usr/lib/x86_64-linux-gnu/libcrypto.so (found version "3.0.2")  
[1.025s] -- Found FastRTPS: /opt/ros/humble/include  
[1.074s] -- Using RMW implementation 'rmw_fastrtps_cpp' as default
[1.084s] -- Looking for pthread.h
[1.132s] -- Looking for pthread.h - found
[1.132s] -- Performing Test CMAKE_HAVE_LIBC_PTHREAD
[1.180s] -- Performing Test CMAKE_HAVE_LIBC_PTHREAD - Success
[1.181s] -- Found Threads: TRUE  
[1.338s] -- Found sensor_msgs: 4.2.3 (/opt/ros/humble/share/sensor_msgs/cmake)
[1.453s] -- Found tf2: 0.25.5 (/opt/ros/humble/share/tf2/cmake)
[1.472s] -- Found tf2_ros: 0.25.5 (/opt/ros/humble/share/tf2_ros/cmake)
[1.915s] -- Found tf2_eigen: 0.25.5 (/opt/ros/humble/share/tf2_eigen/cmake)
[1.923s] -- Found tf2_geometry_msgs: 0.25.5 (/opt/ros/humble/share/tf2_geometry_msgs/cmake)
[1.933s] -- Found eigen3_cmake_module: 0.1.1 (/opt/ros/humble/share/eigen3_cmake_module/cmake)
[1.935s] -- Found Eigen3: TRUE (found version "3.4.0") 
[1.935s] -- Ensuring Eigen3 include directory is part of orocos-kdl CMake target
[1.948s] -- Found nav_msgs: 4.2.3 (/opt/ros/humble/share/nav_msgs/cmake)
[2.043s] -- Found ament_lint_auto: 0.12.9 (/opt/ros/humble/share/ament_lint_auto/cmake)
[2.105s] -- Added test 'cppcheck' to perform static code analysis on C / C++ code
[2.105s] -- Configured cppcheck include dirs: $<BUILD_INTERFACE:/home/jacopo/Documents/Repo_Projects/Pronto_Estimator/pronto_ros/include>
[2.105s] -- Configured cppcheck exclude dirs and/or files: 
[2.105s] -- Added test 'flake8' to check Python code syntax and style conventions
[2.106s] -- Added test 'lint_cmake' to check CMake code style
[2.106s] -- Added test 'pep257' to check Python code against some of the docstring style conventions in PEP 257
[2.107s] -- Added test 'uncrustify' to check C / C++ code style
[2.107s] -- Configured uncrustify additional arguments: 
[2.108s] -- Added test 'xmllint' to check XML markup files
[2.110s] -- Configuring done
[2.495s] -- Generating done
[2.497s] -- Build files have been written to: /home/jacopo/Documents/Repo_Projects/Pronto_Estimator/build/pronto_ros
[2.507s] Invoked command in '/home/jacopo/Documents/Repo_Projects/Pronto_Estimator/build/pronto_ros' returned '0': AMENT_PREFIX_PATH=/home/jacopo/Documents/Repo_Projects/Pronto_Estimator/install/pronto_msgs:/home/jacopo/Documents/Repo_Projects/Pronto_Estimator/install/pronto_core:${AMENT_PREFIX_PATH} CMAKE_PREFIX_PATH=/home/jacopo/Documents/Repo_Projects/Pronto_Estimator/install/pronto_msgs:/home/jacopo/Documents/Repo_Projects/Pronto_Estimator/install/pronto_core:/opt/openrobots:/opt/openrobots:/opt/ros/humble LD_LIBRARY_PATH=/home/jacopo/Documents/Repo_Projects/Pronto_Estimator/install/pronto_msgs/lib:/home/jacopo/Documents/Repo_Projects/Pronto_Estimator/install/pronto_core/lib:${LD_LIBRARY_PATH} PYTHONPATH=/home/jacopo/Documents/Repo_Projects/Pronto_Estimator/install/pronto_msgs/local/lib/python3.10/dist-packages:${PYTHONPATH} /usr/bin/cmake /home/jacopo/Documents/Repo_Projects/Pronto_Estimator/pronto_ros -DAMENT_CMAKE_SYMLINK_INSTALL=1 -DCMAKE_INSTALL_PREFIX=/home/jacopo/Documents/Repo_Projects/Pronto_Estimator/install/pronto_ros
[2.508s] Invoking command in '/home/jacopo/Documents/Repo_Projects/Pronto_Estimator/build/pronto_ros': AMENT_PREFIX_PATH=/home/jacopo/Documents/Repo_Projects/Pronto_Estimator/install/pronto_msgs:/home/jacopo/Documents/Repo_Projects/Pronto_Estimator/install/pronto_core:${AMENT_PREFIX_PATH} CMAKE_PREFIX_PATH=/home/jacopo/Documents/Repo_Projects/Pronto_Estimator/install/pronto_msgs:/home/jacopo/Documents/Repo_Projects/Pronto_Estimator/install/pronto_core:/opt/openrobots:/opt/openrobots:/opt/ros/humble LD_LIBRARY_PATH=/home/jacopo/Documents/Repo_Projects/Pronto_Estimator/install/pronto_msgs/lib:/home/jacopo/Documents/Repo_Projects/Pronto_Estimator/install/pronto_core/lib:${LD_LIBRARY_PATH} PYTHONPATH=/home/jacopo/Documents/Repo_Projects/Pronto_Estimator/install/pronto_msgs/local/lib/python3.10/dist-packages:${PYTHONPATH} /usr/bin/cmake --build /home/jacopo/Documents/Repo_Projects/Pronto_Estimator/build/pronto_ros -- -j20 -l20
[2.544s] [ 27%] [32mBuilding CXX object CMakeFiles/pronto_ros.dir/src/init_message_ros_handler.cpp.o[0m
[2.544s] [ 27%] [32mBuilding CXX object CMakeFiles/pronto_ros.dir/src/ins_ros_handler.cpp.o[0m
[2.544s] [ 27%] [32mBuilding CXX object CMakeFiles/pronto_ros.dir/src/scan_matcher_ros_handler.cpp.o[0m
[2.544s] [ 36%] [32mBuilding CXX object CMakeFiles/pronto_ros.dir/src/pose_msg_ros_handler.cpp.o[0m
[2.547s] [ 45%] [32mBuilding CXX object CMakeFiles/pronto_ros.dir/src/ros_frontend.cpp.o[0m
[2.547s] [ 54%] [32mBuilding CXX object CMakeFiles/pronto_ros.dir/src/pronto_ros_conversions.cpp.o[0m
[7.499s] [ 63%] [32m[1mLinking CXX shared library libpronto_ros.so[0m
[7.996s] [ 63%] Built target pronto_ros
[8.045s] [ 72%] [32mBuilding CXX object CMakeFiles/pronto_ros_node.dir/src/pronto_ros_node.cpp.o[0m
[8.045s] [ 81%] [32mBuilding CXX object CMakeFiles/joint_state_with_acceleration_republisher.dir/src/joint_state_with_acceleration_republisher.cpp.o[0m
[13.303s] [ 90%] [32m[1mLinking CXX executable joint_state_with_acceleration_republisher[0m
[14.620s] [100%] [32m[1mLinking CXX executable pronto_ros_node[0m
[55.049s] gmake[2]: *** Deleting file 'joint_state_with_acceleration_republisher'
[55.049s] gmake[2]: *** Deleting file 'pronto_ros_node'
[55.049s] gmake[2]: *** [CMakeFiles/pronto_ros_node.dir/build.make:4554: pronto_ros_node] Interrupt
[55.049s] gmake[2]: *** [CMakeFiles/joint_state_with_acceleration_republisher.dir/build.make:4554: joint_state_with_acceleration_republisher] Interrupt
[55.049s] gmake[1]: *** [CMakeFiles/Makefile2:167: CMakeFiles/pronto_ros_node.dir/all] Interrupt
[55.050s] gmake[1]: *** [CMakeFiles/Makefile2:193: CMakeFiles/joint_state_with_acceleration_republisher.dir/all] Interrupt
[55.050s] gmake: *** [Makefile:146: all] Interrupt
[55.066s] Invoked command in '/home/jacopo/Documents/Repo_Projects/Pronto_Estimator/build/pronto_ros' returned '-2': AMENT_PREFIX_PATH=/home/jacopo/Documents/Repo_Projects/Pronto_Estimator/install/pronto_msgs:/home/jacopo/Documents/Repo_Projects/Pronto_Estimator/install/pronto_core:${AMENT_PREFIX_PATH} CMAKE_PREFIX_PATH=/home/jacopo/Documents/Repo_Projects/Pronto_Estimator/install/pronto_msgs:/home/jacopo/Documents/Repo_Projects/Pronto_Estimator/install/pronto_core:/opt/openrobots:/opt/openrobots:/opt/ros/humble LD_LIBRARY_PATH=/home/jacopo/Documents/Repo_Projects/Pronto_Estimator/install/pronto_msgs/lib:/home/jacopo/Documents/Repo_Projects/Pronto_Estimator/install/pronto_core/lib:${LD_LIBRARY_PATH} PYTHONPATH=/home/jacopo/Documents/Repo_Projects/Pronto_Estimator/install/pronto_msgs/local/lib/python3.10/dist-packages:${PYTHONPATH} /usr/bin/cmake --build /home/jacopo/Documents/Repo_Projects/Pronto_Estimator/build/pronto_ros -- -j20 -l20
